#
# A fatal error has been detected by the Java Runtime Environment:
#
#  EXCEPTION_ACCESS_VIOLATION (0xc0000005) at pc=0x000000005738bcac, pid=10212, tid=6404
#
# JRE version: Java(TM) SE Runtime Environment (8.0_20-b26) (build 1.8.0_20-b26)
# Java VM: Java HotSpot(TM) 64-Bit Server VM (25.20-b23 mixed mode windows-amd64 compressed oops)
# Problematic frame:
# V  [jvm.dll+0x1fbcac]
#
# Failed to write core dump. Minidumps are not enabled by default on client versions of Windows
#
# If you would like to submit a bug report, please visit:
#   http://bugreport.sun.com/bugreport/crash.jsp
#

---------------  T H R E A D  ---------------

Current thread (0x000000005632a000):  JavaThread "Thread-398" [_thread_in_vm, id=6404, stack(0x0000000058c50000,0x0000000058d50000)]

siginfo: ExceptionCode=0xc0000005, reading address 0xffffffffffffffff

Registers:
RAX=0x00000000ebf00540, RBX=0x000000005632a000, RCX=0x6b091f201b1bb7f6, RDX=0x6b091f201b1bb7f6
RSP=0x0000000058d4eae8, RBP=0x000000005632a1e8, RSI=0x00000000563551b0, RDI=0x6b091f201b1bb7f6
R8 =0x0000000000000000, R9 =0x0000000000000000, R10=0x0000000000000000, R11=0x0000000058d4eb38
R12=0x0000000058d4ed10, R13=0x0000000000000000, R14=0x0000000058d4ed20, R15=0x000000005632a000
RIP=0x000000005738bcac, EFLAGS=0x0000000000010206

Top of Stack: (sp=0x0000000058d4eae8)
0x0000000058d4eae8:   00000000572c168e 00000000563551b0
0x0000000058d4eaf8:   000007fefd822f05 0000000000000001
0x0000000058d4eb08:   0000000077126bf5 000000005632a000
0x0000000058d4eb18:   0000000000000000 0000000000000000
0x0000000058d4eb28:   ffffffffc00114af 000000005627cb50
0x0000000058d4eb38:   0000000057f97676 000000005632a1e8
0x0000000058d4eb48:   00000000563551b0 000000005632a1e8
0x0000000058d4eb58:   00000000563551b0 00000000548c2550
0x0000000058d4eb68:   00000000563551b0 0000000058d4ed18
0x0000000058d4eb78:   0000000057fcc1ad 000000005632a1e8
0x0000000058d4eb88:   0000000058d4ed10 000000005632a101
0x0000000058d4eb98:   0000000058d4ec18 000000000000000a
0x0000000058d4eba8:   0000000057f9543e 000000000000000a
0x0000000058d4ebb8:   000000005632a1e8 00000000549d6008
0x0000000058d4ebc8:   0000000000000000 00000000ebaab138
0x0000000058d4ebd8:   0000000058d4ebd8 00000000548740ad 

Instructions: (pc=0x000000005738bcac)
0x000000005738bc8c:   00 00 00 48 33 cc e8 69 0e 3b 00 48 81 c4 c8 00
0x000000005738bc9c:   00 00 c3 cc 48 85 c9 74 0a 48 8b 05 84 6b 5d 00
0x000000005738bcac:   48 89 01 f3 c3 cc cc cc cc cc cc cc cc cc cc cc
0x000000005738bcbc:   cc cc cc cc 4c 8b 49 38 4d 85 c9 74 34 4d 8b c1 


Register to memory mapping:

RAX=0x00000000ebf00540 is an oop
java.lang.Object 
 - klass: 'java/lang/Object'
RBX=0x000000005632a000 is a thread
RCX=0x6b091f201b1bb7f6 is an unknown value
RDX=0x6b091f201b1bb7f6 is an unknown value
RSP=0x0000000058d4eae8 is pointing into the stack for thread: 0x000000005632a000
RBP=0x000000005632a1e8 is an unknown value
RSI=0x00000000563551b0 is an unknown value
RDI=0x6b091f201b1bb7f6 is an unknown value
R8 =0x0000000000000000 is an unknown value
R9 =0x0000000000000000 is an unknown value
R10=0x0000000000000000 is an unknown value
R11=0x0000000058d4eb38 is pointing into the stack for thread: 0x000000005632a000
R12=0x0000000058d4ed10 is pointing into the stack for thread: 0x000000005632a000
R13=0x0000000000000000 is an unknown value
R14=0x0000000058d4ed20 is pointing into the stack for thread: 0x000000005632a000
R15=0x000000005632a000 is a thread


Stack: [0x0000000058c50000,0x0000000058d50000],  sp=0x0000000058d4eae8,  free space=1018k
Native frames: (J=compiled Java code, j=interpreted, Vv=VM code, C=native code)
V  [jvm.dll+0x1fbcac]

Java frames: (J=compiled Java code, j=interpreted, Vv=VM code)
j  sun.java2d.windows.GDIRenderer.doFillOval(Lsun/java2d/windows/GDIWindowSurfaceData;Lsun/java2d/pipe/Region;Ljava/awt/Composite;IIIII)V+0
j  sun.java2d.windows.GDIRenderer.fillOval(Lsun/java2d/SunGraphics2D;IIII)V+36
j  sun.java2d.pipe.ValidatePipe.fillOval(Lsun/java2d/SunGraphics2D;IIII)V+19
j  sun.java2d.SunGraphics2D.fillOval(IIII)V+10
J 433 C1 simuladorelectronica.SimuladorElectronica$Eventos.onFrame(Lcom/leapmotion/leap/Controller;)V (402 bytes) @ 0x000000000265991c [0x0000000002654160+0x57bc]
J 432 C1 com.leapmotion.leap.LeapJNI.SwigDirector_Listener_onFrame(Lcom/leapmotion/leap/Listener;J)V (14 bytes) @ 0x0000000002652f1c [0x0000000002652ca0+0x27c]
v  ~StubRoutines::call_stub

---------------  P R O C E S S  ---------------

Java Threads: ( => current thread )
=>0x000000005632a000 JavaThread "Thread-398" [_thread_in_vm, id=6404, stack(0x0000000058c50000,0x0000000058d50000)]
  0x0000000058e01800 JavaThread "AWT-EventQueue-0" [_thread_blocked, id=8180, stack(0x0000000059f20000,0x000000005a020000)]
  0x000000005666d800 JavaThread "AWT-Windows" daemon [_thread_in_native, id=9296, stack(0x0000000059940000,0x0000000059a40000)]
  0x000000005666c800 JavaThread "AWT-Shutdown" [_thread_blocked, id=4300, stack(0x00000000597a0000,0x00000000598a0000)]
  0x0000000058db0000 JavaThread "Java2D Disposer" daemon [_thread_blocked, id=484, stack(0x00000000595d0000,0x00000000596d0000)]
  0x0000000054c7f800 JavaThread "Service Thread" daemon [_thread_blocked, id=4040, stack(0x0000000056cd0000,0x0000000056dd0000)]
  0x0000000054c76800 JavaThread "C1 CompilerThread2" daemon [_thread_blocked, id=6056, stack(0x0000000056b70000,0x0000000056c70000)]
  0x0000000054c75000 JavaThread "C2 CompilerThread1" daemon [_thread_blocked, id=9324, stack(0x00000000569b0000,0x0000000056ab0000)]
  0x0000000056275000 JavaThread "C2 CompilerThread0" daemon [_thread_blocked, id=9328, stack(0x0000000055e40000,0x0000000055f40000)]
  0x0000000056273800 JavaThread "Attach Listener" daemon [_thread_blocked, id=9332, stack(0x0000000056870000,0x0000000056970000)]
  0x0000000056270800 JavaThread "Signal Dispatcher" daemon [_thread_blocked, id=9340, stack(0x00000000566b0000,0x00000000567b0000)]
  0x0000000054c14000 JavaThread "Finalizer" daemon [_thread_blocked, id=9336, stack(0x0000000056170000,0x0000000056270000)]
  0x0000000054c0b000 JavaThread "Reference Handler" daemon [_thread_blocked, id=9320, stack(0x0000000056000000,0x0000000056100000)]
  0x0000000001e5e800 JavaThread "main" [_thread_in_native, id=9000, stack(0x0000000002090000,0x0000000002190000)]

Other Threads:
  0x0000000054c05800 VMThread [stack: 0x0000000055d20000,0x0000000055e20000] [id=9044]
  0x00000000562fa000 WatcherThread [stack: 0x0000000056e20000,0x0000000056f20000] [id=8248]

VM state:not at safepoint (normal execution)

VM Mutex/Monitor currently owned by a thread: None

Heap:
 PSYoungGen      total 18944K, used 13687K [0x00000000eaf00000, 0x00000000ec400000, 0x0000000100000000)
  eden space 16384K, 73% used [0x00000000eaf00000,0x00000000ebac5d40,0x00000000ebf00000)
  from space 2560K, 63% used [0x00000000ebf00000,0x00000000ec098020,0x00000000ec180000)
  to   space 2560K, 0% used [0x00000000ec180000,0x00000000ec180000,0x00000000ec400000)
 ParOldGen       total 44032K, used 2906K [0x00000000c0c00000, 0x00000000c3700000, 0x00000000eaf00000)
  object space 44032K, 6% used [0x00000000c0c00000,0x00000000c0ed6b50,0x00000000c3700000)
 Metaspace       used 8419K, capacity 8556K, committed 8832K, reserved 1056768K
  class space    used 970K, capacity 1026K, committed 1152K, reserved 1048576K

Card table byte_map: [0x0000000011820000,0x0000000011a20000] byte_map_base: 0x000000001121a000

Marking Bits: (ParMarkBitMap*) 0x000000005796b460
 Begin Bits: [0x00000000120e0000, 0x00000000130b0000)
 End Bits:   [0x00000000130b0000, 0x0000000014080000)

Polling page: 0x0000000000220000

CodeCache: size=245760Kb used=2194Kb max_used=2205Kb free=243565Kb
 bounds [0x0000000002460000, 0x00000000026d0000, 0x0000000011460000]
 total_blobs=952 nmethods=513 adapters=353
 compilation: enabled

Compilation events (10 events):
Event: 10.416 Thread 0x0000000054c76800  508       3       sun.java2d.StateTrackableDelegate::markDirty (6 bytes)
Event: 10.417 Thread 0x0000000054c76800 nmethod 508 0x0000000002683b10 code [0x0000000002683c60, 0x0000000002683dd0]
Event: 10.442 Thread 0x0000000054c76800  509       3       sun.java2d.SurfaceData::markDirty (8 bytes)
Event: 10.442 Thread 0x0000000054c76800 nmethod 509 0x0000000002683e50 code [0x0000000002683fc0, 0x0000000002684210]
Event: 10.467 Thread 0x0000000054c76800  510       3       sun.java2d.SunGraphics2D::getCompClip (19 bytes)
Event: 10.467 Thread 0x0000000054c76800 nmethod 510 0x00000000026842d0 code [0x0000000002684440, 0x00000000026846a8]
Event: 10.604 Thread 0x0000000054c76800  512       3       java.awt.Component::isVisible (5 bytes)
Event: 10.604 Thread 0x0000000054c76800 nmethod 512 0x0000000002684b10 code [0x0000000002684c60, 0x0000000002684e50]
Event: 10.634 Thread 0x0000000054c75000  513       4       java.nio.Buffer::<init> (121 bytes)
Event: 10.638 Thread 0x0000000054c75000 nmethod 513 0x0000000002687bd0 code [0x0000000002687d20, 0x0000000002687df8]

GC Heap History (6 events):
Event: 1.548 GC heap before
{Heap before GC invocations=1 (full 0):
 PSYoungGen      total 18944K, used 16384K [0x00000000eaf00000, 0x00000000ec400000, 0x0000000100000000)
  eden space 16384K, 100% used [0x00000000eaf00000,0x00000000ebf00000,0x00000000ebf00000)
  from space 2560K, 0% used [0x00000000ec180000,0x00000000ec180000,0x00000000ec400000)
  to   space 2560K, 0% used [0x00000000ebf00000,0x00000000ebf00000,0x00000000ec180000)
 ParOldGen       total 44032K, used 0K [0x00000000c0c00000, 0x00000000c3700000, 0x00000000eaf00000)
  object space 44032K, 0% used [0x00000000c0c00000,0x00000000c0c00000,0x00000000c3700000)
 Metaspace       used 8219K, capacity 8364K, committed 8576K, reserved 1056768K
  class space    used 964K, capacity 1026K, committed 1152K, reserved 1048576K
Event: 1.554 GC heap after
Heap after GC invocations=1 (full 0):
 PSYoungGen      total 18944K, used 1440K [0x00000000eaf00000, 0x00000000ec400000, 0x0000000100000000)
  eden space 16384K, 0% used [0x00000000eaf00000,0x00000000eaf00000,0x00000000ebf00000)
  from space 2560K, 56% used [0x00000000ebf00000,0x00000000ec068000,0x00000000ec180000)
  to   space 2560K, 0% used [0x00000000ec180000,0x00000000ec180000,0x00000000ec400000)
 ParOldGen       total 44032K, used 2890K [0x00000000c0c00000, 0x00000000c3700000, 0x00000000eaf00000)
  object space 44032K, 6% used [0x00000000c0c00000,0x00000000c0ed2b50,0x00000000c3700000)
 Metaspace       used 8219K, capacity 8364K, committed 8576K, reserved 1056768K
  class space    used 964K, capacity 1026K, committed 1152K, reserved 1048576K
}
Event: 5.537 GC heap before
{Heap before GC invocations=2 (full 0):
 PSYoungGen      total 18944K, used 17824K [0x00000000eaf00000, 0x00000000ec400000, 0x0000000100000000)
  eden space 16384K, 100% used [0x00000000eaf00000,0x00000000ebf00000,0x00000000ebf00000)
  from space 2560K, 56% used [0x00000000ebf00000,0x00000000ec068000,0x00000000ec180000)
  to   space 2560K, 0% used [0x00000000ec180000,0x00000000ec180000,0x00000000ec400000)
 ParOldGen       total 44032K, used 2890K [0x00000000c0c00000, 0x00000000c3700000, 0x00000000eaf00000)
  object space 44032K, 6% used [0x00000000c0c00000,0x00000000c0ed2b50,0x00000000c3700000)
 Metaspace       used 8233K, capacity 8364K, committed 8576K, reserved 1056768K
  class space    used 964K, capacity 1026K, committed 1152K, reserved 1048576K
Event: 5.545 GC heap after
Heap after GC invocations=2 (full 0):
 PSYoungGen      total 18944K, used 1408K [0x00000000eaf00000, 0x00000000ec400000, 0x0000000100000000)
  eden space 16384K, 0% used [0x00000000eaf00000,0x00000000eaf00000,0x00000000ebf00000)
  from space 2560K, 55% used [0x00000000ec180000,0x00000000ec2e0020,0x00000000ec400000)
  to   space 2560K, 0% used [0x00000000ebf00000,0x00000000ebf00000,0x00000000ec180000)
 ParOldGen       total 44032K, used 2898K [0x00000000c0c00000, 0x00000000c3700000, 0x00000000eaf00000)
  object space 44032K, 6% used [0x00000000c0c00000,0x00000000c0ed4b50,0x00000000c3700000)
 Metaspace       used 8233K, capacity 8364K, committed 8576K, reserved 1056768K
  class space    used 964K, capacity 1026K, committed 1152K, reserved 1048576K
}
Event: 9.221 GC heap before
{Heap before GC invocations=3 (full 0):
 PSYoungGen      total 18944K, used 17792K [0x00000000eaf00000, 0x00000000ec400000, 0x0000000100000000)
  eden space 16384K, 100% used [0x00000000eaf00000,0x00000000ebf00000,0x00000000ebf00000)
  from space 2560K, 55% used [0x00000000ec180000,0x00000000ec2e0020,0x00000000ec400000)
  to   space 2560K, 0% used [0x00000000ebf00000,0x00000000ebf00000,0x00000000ec180000)
 ParOldGen       total 44032K, used 2898K [0x00000000c0c00000, 0x00000000c3700000, 0x00000000eaf00000)
  object space 44032K, 6% used [0x00000000c0c00000,0x00000000c0ed4b50,0x00000000c3700000)
 Metaspace       used 8390K, capacity 8556K, committed 8832K, reserved 1056768K
  class space    used 970K, capacity 1026K, committed 1152K, reserved 1048576K
Event: 9.226 GC heap after
Heap after GC invocations=3 (full 0):
 PSYoungGen      total 18944K, used 1632K [0x00000000eaf00000, 0x00000000ec400000, 0x0000000100000000)
  eden space 16384K, 0% used [0x00000000eaf00000,0x00000000eaf00000,0x00000000ebf00000)
  from space 2560K, 63% used [0x00000000ebf00000,0x00000000ec098020,0x00000000ec180000)
  to   space 2560K, 0% used [0x00000000ec180000,0x00000000ec180000,0x00000000ec400000)
 ParOldGen       total 44032K, used 2906K [0x00000000c0c00000, 0x00000000c3700000, 0x00000000eaf00000)
  object space 44032K, 6% used [0x00000000c0c00000,0x00000000c0ed6b50,0x00000000c3700000)
 Metaspace       used 8390K, capacity 8556K, committed 8832K, reserved 1056768K
  class space    used 970K, capacity 1026K, committed 1152K, reserved 1048576K
}

Deoptimization events (0 events):
No events

Internal exceptions (10 events):
Event: 10.585 Thread 0x0000000058e01800 Exception <a 'java/lang/UnsupportedOperationException'> (0x00000000eb9fa3f8) thrown at [D:\re\workspace\8-2-build-windows-amd64-cygwin\jdk8u20\1074\hotspot\src\share\vm\prims\jvm.cpp, line 1279]
Event: 10.585 Thread 0x0000000058e01800 Exception <a 'java/lang/UnsupportedOperationException'> (0x00000000eb9fa3f8) thrown at [D:\re\workspace\8-2-build-windows-amd64-cygwin\jdk8u20\1074\hotspot\src\share\vm\prims\jvm.cpp, line 1279]
Event: 10.604 Thread 0x0000000058e01800 Exception <a 'java/lang/UnsupportedOperationException'> (0x00000000eba03390) thrown at [D:\re\workspace\8-2-build-windows-amd64-cygwin\jdk8u20\1074\hotspot\src\share\vm\prims\jvm.cpp, line 1279]
Event: 10.604 Thread 0x0000000058e01800 Exception <a 'java/lang/UnsupportedOperationException'> (0x00000000eba03390) thrown at [D:\re\workspace\8-2-build-windows-amd64-cygwin\jdk8u20\1074\hotspot\src\share\vm\prims\jvm.cpp, line 1279]
Event: 10.638 Thread 0x0000000058e01800 Exception <a 'java/lang/UnsupportedOperationException'> (0x00000000eba0c348) thrown at [D:\re\workspace\8-2-build-windows-amd64-cygwin\jdk8u20\1074\hotspot\src\share\vm\prims\jvm.cpp, line 1279]
Event: 10.638 Thread 0x0000000058e01800 Exception <a 'java/lang/UnsupportedOperationException'> (0x00000000eba0c348) thrown at [D:\re\workspace\8-2-build-windows-amd64-cygwin\jdk8u20\1074\hotspot\src\share\vm\prims\jvm.cpp, line 1279]
Event: 10.660 Thread 0x0000000058e01800 Exception <a 'java/lang/UnsupportedOperationException'> (0x00000000eba152e0) thrown at [D:\re\workspace\8-2-build-windows-amd64-cygwin\jdk8u20\1074\hotspot\src\share\vm\prims\jvm.cpp, line 1279]
Event: 10.660 Thread 0x0000000058e01800 Exception <a 'java/lang/UnsupportedOperationException'> (0x00000000eba152e0) thrown at [D:\re\workspace\8-2-build-windows-amd64-cygwin\jdk8u20\1074\hotspot\src\share\vm\prims\jvm.cpp, line 1279]
Event: 10.695 Thread 0x0000000058e01800 Exception <a 'java/lang/UnsupportedOperationException'> (0x00000000eba54f88) thrown at [D:\re\workspace\8-2-build-windows-amd64-cygwin\jdk8u20\1074\hotspot\src\share\vm\prims\jvm.cpp, line 1279]
Event: 10.695 Thread 0x0000000058e01800 Exception <a 'java/lang/UnsupportedOperationException'> (0x00000000eba54f88) thrown at [D:\re\workspace\8-2-build-windows-amd64-cygwin\jdk8u20\1074\hotspot\src\share\vm\prims\jvm.cpp, line 1279]

Events (10 events):
Event: 10.584 Thread 0x0000000059015800 Thread exited: 0x0000000059015800
Event: 10.584 Thread 0x0000000059015800 Thread added: 0x0000000059015800
Event: 10.595 Thread 0x0000000059015800 Thread exited: 0x0000000059015800
Event: 10.595 Thread 0x0000000059015800 Thread added: 0x0000000059015800
Event: 10.706 Thread 0x0000000059015800 Thread exited: 0x0000000059015800
Event: 10.706 Thread 0x0000000059015800 Thread added: 0x0000000059015800
Event: 10.706 Thread 0x0000000059015800 Thread exited: 0x0000000059015800
Event: 10.720 Thread 0x000000005632a000 Thread added: 0x000000005632a000
Event: 10.721 Thread 0x000000005632a000 Thread exited: 0x000000005632a000
Event: 10.721 Thread 0x000000005632a000 Thread added: 0x000000005632a000


Dynamic libraries:
0x000000013f8f0000 - 0x000000013f924000 	C:\Program Files\Java\jdk1.8.0_20\bin\java.exe
0x0000000077210000 - 0x00000000773b9000 	C:\Windows\SYSTEM32\ntdll.dll
0x0000000076ff0000 - 0x000000007710f000 	C:\Windows\system32\kernel32.dll
0x000007fefd290000 - 0x000007fefd2fc000 	C:\Windows\system32\KERNELBASE.dll
0x000007fefd390000 - 0x000007fefd46b000 	C:\Windows\system32\ADVAPI32.dll
0x000007fefdda0000 - 0x000007fefde3f000 	C:\Windows\system32\msvcrt.dll
0x000007fefd720000 - 0x000007fefd73f000 	C:\Windows\SYSTEM32\sechost.dll
0x000007fefe170000 - 0x000007fefe29d000 	C:\Windows\system32\RPCRT4.dll
0x0000000077110000 - 0x000000007720a000 	C:\Windows\system32\USER32.dll
0x000007fefd820000 - 0x000007fefd887000 	C:\Windows\system32\GDI32.dll
0x000007fefdd60000 - 0x000007fefdd6e000 	C:\Windows\system32\LPK.dll
0x000007fefd470000 - 0x000007fefd539000 	C:\Windows\system32\USP10.dll
0x000007fefb060000 - 0x000007fefb254000 	C:\Windows\WinSxS\amd64_microsoft.windows.common-controls_6595b64144ccf1df_6.0.7601.17514_none_fa396087175ac9ac\COMCTL32.dll
0x000007fefe0f0000 - 0x000007fefe161000 	C:\Windows\system32\SHLWAPI.dll
0x000007fefdd70000 - 0x000007fefdd9e000 	C:\Windows\system32\IMM32.DLL
0x000007fefd8b0000 - 0x000007fefd9b9000 	C:\Windows\system32\MSCTF.dll
0x0000000a01300000 - 0x0000000a01305000 	C:\Windows\system32\avgrssta.dll
0x0000000058170000 - 0x0000000058242000 	C:\Program Files\Java\jdk1.8.0_20\jre\bin\msvcr100.dll
0x0000000057190000 - 0x00000000579e8000 	C:\Program Files\Java\jdk1.8.0_20\jre\bin\server\jvm.dll
0x000007fef8870000 - 0x000007fef8879000 	C:\Windows\system32\WSOCK32.dll
0x000007fefdd10000 - 0x000007fefdd5d000 	C:\Windows\system32\WS2_32.dll
0x000007feff380000 - 0x000007feff388000 	C:\Windows\system32\NSI.dll
0x000007fefa860000 - 0x000007fefa89b000 	C:\Windows\system32\WINMM.dll
0x00000000773e0000 - 0x00000000773e7000 	C:\Windows\system32\PSAPI.DLL
0x000000006fef0000 - 0x000000006feff000 	C:\Program Files\Java\jdk1.8.0_20\jre\bin\verify.dll
0x0000000058100000 - 0x0000000058128000 	C:\Program Files\Java\jdk1.8.0_20\jre\bin\java.dll
0x000000006f450000 - 0x000000006f466000 	C:\Program Files\Java\jdk1.8.0_20\jre\bin\zip.dll
0x000007fefe5f0000 - 0x000007feff378000 	C:\Windows\system32\SHELL32.dll
0x000007fefd9c0000 - 0x000007fefdbc3000 	C:\Windows\system32\ole32.dll
0x000007fefcfd0000 - 0x000007fefcfdf000 	C:\Windows\system32\profapi.dll
0x0000000057f60000 - 0x00000000580f8000 	C:\Program Files\Java\jdk1.8.0_20\jre\bin\awt.dll
0x000007fefd740000 - 0x000007fefd817000 	C:\Windows\system32\OLEAUT32.dll
0x000007fef9f20000 - 0x000007fef9f4b000 	C:\LeapMotion\LeapJava.dll
0x0000000011ef0000 - 0x0000000011f88000 	C:\Windows\system32\MSVCP100.dll
0x000007fee9910000 - 0x000007fee9a93000 	C:\LeapMotion\Leap.dll
0x000007fefbde0000 - 0x000007fefbe35000 	C:\Windows\system32\mswsock.dll
0x000007fefb7c0000 - 0x000007fefb7c7000 	C:\Windows\System32\wshtcpip.dll
0x000007fefbc20000 - 0x000007fefbc7b000 	C:\Windows\system32\DNSAPI.dll
0x0000000071400000 - 0x0000000071426000 	C:\Program Files\Bonjour\mdnsNSP.dll
0x000007fef93b0000 - 0x000007fef93d7000 	C:\Windows\system32\Iphlpapi.DLL
0x000007fef93a0000 - 0x000007fef93ab000 	C:\Windows\system32\WINNSI.DLL
0x000007fef9220000 - 0x000007fef9273000 	C:\Windows\System32\fwpuclnt.dll
0x000007fef7430000 - 0x000007fef7438000 	C:\Windows\system32\rasadhlp.dll
0x000007fefbdd0000 - 0x000007fefbdd7000 	C:\Windows\System32\wship6.dll
0x000007fefa710000 - 0x000007fefa728000 	C:\Windows\system32\DWMAPI.DLL
0x000007fefad10000 - 0x000007fefad66000 	C:\Windows\system32\uxtheme.dll
0x000007fefce90000 - 0x000007fefce9f000 	C:\Windows\system32\CRYPTBASE.dll
0x0000000057f10000 - 0x0000000057f57000 	C:\Program Files\Java\jdk1.8.0_20\jre\bin\fontmanager.dll
0x000007fefa0f0000 - 0x000007fefa215000 	C:\Windows\system32\dbghelp.dll

VM Arguments:
jvm_args: -Dfile.encoding=UTF-8 -Djava.library.path=C:\LeapMotion 
java_command: simuladorelectronica.SimuladorElectronica
java_class_path (initial): C:\LeapMotion\LeapJava.jar;C:\Users\AdrianM\Documents\NetBeansProjects\Simulador\SimuladorElectronica\build\classes
Launcher Type: SUN_STANDARD

Environment Variables:
PATH=C:\ProgramData\Oracle\Java\javapath;C:\Program Files (x86)\HP SimplePass 2012\;C:\Windows\system32;C:\Windows;C:\Windows\System32\Wbem;C:\Windows\System32\WindowsPowerShell\v1.0\;C:\Program Files\Intel\WiFi\bin\;C:\Program Files\Common Files\Intel\WirelessCommon\;C:\Program Files (x86)\Intel\Services\IPT\;C:\Python27;C:\Program Files\nodejs\;C:\Python27\Tools\Scripts;C:\Python27\Scripts;C:\Program Files (x86)\Git\cmd;;C:\Program Files (x86)\MySQL\MySQL Enterprise Backup 3.11\;C:\Program Files (x86)\MySQL\MySQL Fabric 1.5.2 & MySQL Utilities 1.5.2 1.5\;C:\Program Files (x86)\MySQL\MySQL Fabric 1.5.2 & MySQL Utilities 1.5.2 1.5\Doctrine extensions for PHP\;C:\xampp\php;C:\ProgramData\ComposerSetup\bin;C:\Program Files (x86)\Heroku\bin;C:\Program Files (x86)\git\cmd;C:\Program Files\PostgreSQL\9.4\bin;C:\Users\AdrianM\AppData\Roaming\npm
USERNAME=AdrianM
OS=Windows_NT
PROCESSOR_IDENTIFIER=Intel64 Family 6 Model 42 Stepping 7, GenuineIntel



---------------  S Y S T E M  ---------------

OS: Windows 7 , 64 bit Build 7601 Service Pack 1

CPU:total 4 (2 cores per cpu, 2 threads per core) family 6 model 42 stepping 7, cmov, cx8, fxsr, mmx, sse, sse2, sse3, ssse3, sse4.1, sse4.2, popcnt, avx, aes, clmul, ht, tsc, tscinvbit

Memory: 4k page, physical 4138428k(863420k free), swap 8275000k(2316208k free)

vm_info: Java HotSpot(TM) 64-Bit Server VM (25.20-b23) for windows-amd64 JRE (1.8.0_20-b26), built on Jul 30 2014 13:51:23 by "java_re" with MS VC++ 10.0 (VS2010)

time: Sat Mar 14 14:56:59 2015
elapsed time: 10 seconds (0d 0h 0m 10s)

